[11:34:30 - main] [Cooja.java:3171] [WARN] - JAVA_HOME environment variable not set, Cooja motes may not compile
[11:34:30 - main] [Cooja.java:1314] [INFO] - > Starting Cooja
[11:34:31 - main] [Cooja.java:2855] [INFO] - External tools default settings: /external_tools_linux_64.config
[11:34:31 - main] [Cooja.java:2885] [INFO] - External tools user settings: /home/evert/.cooja.user.properties
[11:34:31 - main] [Simulation.java:421] [INFO] - Simulation random seed: 2053952616366182714
[11:34:31 - main] [MspMote.java:235] [INFO] - Loading firmware from: /home/evert/tinyos-main/apps/SEC/First-Attempt/Simulations/../Send/build/telosb/main.exe
[11:34:31 - main] [MspMote.java:235] [INFO] - Loading firmware from: /home/evert/tinyos-main/apps/SEC/First-Attempt/Simulations/../Receive/build/telosb/main.exe
[11:34:32 - main] [Cooja.java:1780] [INFO] - Visualized plugin was not started: class org.contikios.cooja.plugins.SimControl
[11:34:32 - main] [Cooja.java:1780] [INFO] - Visualized plugin was not started: class org.contikios.cooja.plugins.Visualizer
[11:34:32 - main] [Cooja.java:1780] [INFO] - Visualized plugin was not started: class org.contikios.cooja.plugins.LogListener
[11:34:32 - main] [Cooja.java:1780] [INFO] - Visualized plugin was not started: class org.contikios.cooja.plugins.TimeLine
[11:34:32 - main] [Cooja.java:1780] [INFO] - Visualized plugin was not started: class org.contikios.cooja.plugins.Notes
[11:34:32 - main] [SerialSocketServer.java:389] [INFO] - Listening on port: 60001
[11:34:32 - main] [SerialSocketServer.java:389] [INFO] - Listening on port: 60002
[11:34:32 - Thread-3] [Simulation.java:252] [INFO] - Simulation main loop started, system time: 1451903672953
[11:35:40 - Thread-4] [SerialSocketServer.java:478] [INFO] - Forwarder: socket -> serial port
[11:35:40 - Thread-0] [SerialSocketServer.java:425] [INFO] - Client connected: /127.0.0.1
[11:35:43 - Thread-4] [SerialSocketServer.java:501] [INFO] - End of Stream
[11:35:47 - Thread-1] [SerialSocketServer.java:425] [INFO] - Client connected: /127.0.0.1
[11:35:47 - Thread-5] [SerialSocketServer.java:478] [INFO] - Forwarder: socket -> serial port
[11:35:49 - Thread-5] [SerialSocketServer.java:501] [INFO] - End of Stream
[11:35:49 - Thread-3] [SerialSocketServer.java:532] [ERROR] - java.net.SocketException: Connection reset
